<?xml version="1.0" encoding="UTF-8"?>
<!-- Generated by org.testng.reporters.JUnitReportReporter -->
<testsuite skipped="0" hostname="DESKTOP-F45P74G" name="com.shilpa.ShilpaApplicationTests" tests="1" failures="0" timestamp="14 Jun 2019 18:08:16 GMT" time="0.038" errors="0">
  <testcase name="contextLoads" time="0.038" classname="com.shilpa.ShilpaApplicationTests"/>
</testsuite> <!-- com.shilpa.ShilpaApplicationTests -->
